2025-02-04 22:17:29,211 INFO o.a.j.u.JMeterUtils: Setting Locale to en_EN
2025-02-04 22:17:29,222 INFO o.a.j.JMeter: Loading user properties from: /Users/rahmatulzakia/Downloads/apache-jmeter-5.6.3/bin/user.properties
2025-02-04 22:17:29,222 INFO o.a.j.JMeter: Loading system properties from: /Users/rahmatulzakia/Downloads/apache-jmeter-5.6.3/bin/system.properties
2025-02-04 22:17:29,225 INFO o.a.j.JMeter: Copyright (c) 1998-2024 The Apache Software Foundation
2025-02-04 22:17:29,225 INFO o.a.j.JMeter: Version 5.6.3
2025-02-04 22:17:29,225 INFO o.a.j.JMeter: java.version=23.0.1
2025-02-04 22:17:29,225 INFO o.a.j.JMeter: java.vm.name=Java HotSpot(TM) 64-Bit Server VM
2025-02-04 22:17:29,225 INFO o.a.j.JMeter: os.name=Mac OS X
2025-02-04 22:17:29,225 INFO o.a.j.JMeter: os.arch=aarch64
2025-02-04 22:17:29,225 INFO o.a.j.JMeter: os.version=15.2
2025-02-04 22:17:29,225 INFO o.a.j.JMeter: file.encoding=UTF-8
2025-02-04 22:17:29,225 INFO o.a.j.JMeter: java.awt.headless=null
2025-02-04 22:17:29,225 INFO o.a.j.JMeter: Max memory     =1073741824
2025-02-04 22:17:29,225 INFO o.a.j.JMeter: Available Processors =8
2025-02-04 22:17:29,231 INFO o.a.j.JMeter: Default Locale=English (EN)
2025-02-04 22:17:29,232 INFO o.a.j.JMeter: JMeter  Locale=English (EN)
2025-02-04 22:17:29,232 INFO o.a.j.JMeter: JMeterHome=/Users/rahmatulzakia/Downloads/apache-jmeter-5.6.3
2025-02-04 22:17:29,232 INFO o.a.j.JMeter: user.dir  =/Users/rahmatulzakia/Downloads/Sanber63-Jmeter-main
2025-02-04 22:17:29,232 INFO o.a.j.JMeter: PWD       =/Users/rahmatulzakia/Downloads/Sanber63-Jmeter-main
2025-02-04 22:17:29,233 INFO o.a.j.JMeter: IP: 127.0.0.1 Name: MacBook-Air-Rahmatul.local FullName: localhost
2025-02-04 22:17:29,240 INFO o.a.j.JMeter: Loaded icon properties from org/apache/jmeter/images/icon.properties
2025-02-04 22:17:29,479 INFO o.a.j.JMeterGuiLauncher: Setting LAF to: com.github.weisj.darklaf.DarkLaf:com.github.weisj.darklaf.theme.DarculaTheme
2025-02-04 22:17:30,422 INFO o.a.j.r.ClassFinder: Will scan jar /Users/rahmatulzakia/Downloads/apache-jmeter-5.6.3/lib/ext/tag-jmeter-extn-1.1.jar with filter ExtendsClassFilter [parents=[interface org.apache.jmeter.gui.action.Command], inner=false, contains=null, notContains=null]. Consider exposing JMeter plugins via META-INF/services, and add JMeter-Skip-Class-Scanning=true manifest attribute so JMeter can skip classfile scanning
2025-02-04 22:17:30,450 INFO o.a.j.r.ClassFinder: Will scan jar /Users/rahmatulzakia/Downloads/apache-jmeter-5.6.3/lib/ext/tag-jmeter-extn-1.1.jar with filter ExtendsClassFilter [parents=[interface org.apache.jmeter.gui.plugin.MenuCreator], inner=false, contains=null, notContains=null]. Consider exposing JMeter plugins via META-INF/services, and add JMeter-Skip-Class-Scanning=true manifest attribute so JMeter can skip classfile scanning
2025-02-04 22:17:38,375 INFO o.a.j.s.FileServer: Default base='/Users/rahmatulzakia/Downloads/Sanber63-Jmeter-main'
2025-02-04 22:17:38,377 INFO o.a.j.g.a.Load: Loading file: /Users/rahmatulzakia/Downloads/Sanber63-Jmeter-main/RahmatulZakia-ContactListApp.jmx
2025-02-04 22:17:38,377 INFO o.a.j.s.FileServer: Set new base='/Users/rahmatulzakia/Downloads/Sanber63-Jmeter-main'
2025-02-04 22:17:38,510 INFO o.a.j.s.SaveService: Testplan (JMX) version: 2.2. Testlog (JTL) version: 2.2
2025-02-04 22:17:38,531 INFO o.a.j.s.SaveService: Using SaveService properties version 5.0
2025-02-04 22:17:38,531 INFO o.a.j.s.SaveService: Using SaveService properties file encoding UTF-8
2025-02-04 22:17:38,532 INFO o.a.j.s.SaveService: Loading file: /Users/rahmatulzakia/Downloads/Sanber63-Jmeter-main/RahmatulZakia-ContactListApp.jmx
2025-02-04 22:17:38,545 INFO o.a.j.p.h.c.CookieManager: Settings: Delete null: true Check: true Allow variable: true Save: false Prefix: COOKIE_
2025-02-04 22:17:38,547 INFO o.a.j.p.h.c.CacheManager: Will only cache the following methods: [GET]
2025-02-04 22:17:38,551 INFO o.a.j.p.h.s.HTTPSamplerBase: Parser for text/html is org.apache.jmeter.protocol.http.parser.LagartoBasedHtmlParser
2025-02-04 22:17:38,551 INFO o.a.j.p.h.s.HTTPSamplerBase: Parser for application/xhtml+xml is org.apache.jmeter.protocol.http.parser.LagartoBasedHtmlParser
2025-02-04 22:17:38,551 INFO o.a.j.p.h.s.HTTPSamplerBase: Parser for application/xml is org.apache.jmeter.protocol.http.parser.LagartoBasedHtmlParser
2025-02-04 22:17:38,551 INFO o.a.j.p.h.s.HTTPSamplerBase: Parser for text/xml is org.apache.jmeter.protocol.http.parser.LagartoBasedHtmlParser
2025-02-04 22:17:38,551 INFO o.a.j.p.h.s.HTTPSamplerBase: Parser for text/vnd.wap.wml is org.apache.jmeter.protocol.http.parser.RegexpHTMLParser
2025-02-04 22:17:38,551 INFO o.a.j.p.h.s.HTTPSamplerBase: Parser for text/css is org.apache.jmeter.protocol.http.parser.CssParser
2025-02-04 22:17:38,779 INFO o.a.j.s.SampleResult: Note: Sample TimeStamps are START times
2025-02-04 22:17:38,779 INFO o.a.j.s.SampleResult: sampleresult.default.encoding is set to UTF-8
2025-02-04 22:17:38,779 INFO o.a.j.s.SampleResult: sampleresult.useNanoTime=true
2025-02-04 22:17:38,779 INFO o.a.j.s.SampleResult: sampleresult.nanoThreadSleep=5000
2025-02-04 22:17:38,828 INFO o.a.j.r.ClassFinder: Will scan jar /Users/rahmatulzakia/Downloads/apache-jmeter-5.6.3/lib/ext/tag-jmeter-extn-1.1.jar with filter ExtendsClassFilter [parents=[interface org.apache.jmeter.visualizers.ResultRenderer], inner=false, contains=null, notContains=null]. Consider exposing JMeter plugins via META-INF/services, and add JMeter-Skip-Class-Scanning=true manifest attribute so JMeter can skip classfile scanning
2025-02-04 22:17:38,836 INFO o.a.j.r.ClassFinder: Will scan jar /Users/rahmatulzakia/Downloads/apache-jmeter-5.6.3/lib/ext/tag-jmeter-extn-1.1.jar with filter ExtendsClassFilter [parents=[interface org.apache.jmeter.visualizers.RequestView], inner=false, contains=null, notContains=null]. Consider exposing JMeter plugins via META-INF/services, and add JMeter-Skip-Class-Scanning=true manifest attribute so JMeter can skip classfile scanning
2025-02-04 22:17:38,930 INFO o.a.j.r.ClassFinder: Will scan jar /Users/rahmatulzakia/Downloads/apache-jmeter-5.6.3/lib/ext/tag-jmeter-extn-1.1.jar with filter ExtendsClassFilter [parents=[interface org.apache.jmeter.visualizers.ResultRenderer], inner=false, contains=null, notContains=null]. Consider exposing JMeter plugins via META-INF/services, and add JMeter-Skip-Class-Scanning=true manifest attribute so JMeter can skip classfile scanning
2025-02-04 22:17:38,935 INFO o.a.j.r.ClassFinder: Will scan jar /Users/rahmatulzakia/Downloads/apache-jmeter-5.6.3/lib/ext/tag-jmeter-extn-1.1.jar with filter ExtendsClassFilter [parents=[interface org.apache.jmeter.visualizers.RequestView], inner=false, contains=null, notContains=null]. Consider exposing JMeter plugins via META-INF/services, and add JMeter-Skip-Class-Scanning=true manifest attribute so JMeter can skip classfile scanning
2025-02-04 22:17:38,964 INFO o.a.j.s.FileServer: Set new base='/Users/rahmatulzakia/Downloads/Sanber63-Jmeter-main'
